<?xml version="1.0" encoding="UTF-8"?>
<testsuite name="com.example.kuhidbs.KuhidbsApplicationTests" tests="1" skipped="0" failures="0" errors="0" timestamp="2025-02-16T12:08:43" hostname="DESKTOP-HH9DJAL" time="0.547">
  <properties/>
  <testcase name="contextLoads()" classname="com.example.kuhidbs.KuhidbsApplicationTests" time="0.547"/>
  <system-out><![CDATA[21:08:35.235 [Test worker] INFO org.springframework.test.context.support.AnnotationConfigContextLoaderUtils -- Could not detect default configuration classes for test class [com.example.kuhidbs.KuhidbsApplicationTests]: KuhidbsApplicationTests does not declare any static, non-private, non-final, nested classes annotated with @Configuration.
21:08:35.398 [Test worker] INFO org.springframework.boot.test.context.SpringBootTestContextBootstrapper -- Found @SpringBootConfiguration com.example.kuhidbs.KuhidbsApplication for test class com.example.kuhidbs.KuhidbsApplicationTests

  .   ____          _            __ _ _
 /\\ / ___'_ __ _ _(_)_ __  __ _ \ \ \ \
( ( )\___ | '_ | '_| | '_ \/ _` | \ \ \ \
 \\/  ___)| |_)| | | | | || (_| |  ) ) ) )
  '  |____| .__|_| |_|_| |_\__, | / / / /
 =========|_|==============|___/=/_/_/_/

 :: Spring Boot ::                (v3.4.1)

2025-02-16T21:08:35.906+09:00  INFO 30856 --- [KUHIDBS] [    Test worker] c.e.kuhidbs.KuhidbsApplicationTests      : Starting KuhidbsApplicationTests using Java 21.0.5 with PID 30856 (started by 007le in C:\kuh16\kuhidbs3)
2025-02-16T21:08:35.908+09:00  INFO 30856 --- [KUHIDBS] [    Test worker] c.e.kuhidbs.KuhidbsApplicationTests      : No active profile set, falling back to 1 default profile: "default"
2025-02-16T21:08:37.191+09:00  INFO 30856 --- [KUHIDBS] [    Test worker] .s.d.r.c.RepositoryConfigurationDelegate : Bootstrapping Spring Data JPA repositories in DEFAULT mode.
2025-02-16T21:08:37.363+09:00  INFO 30856 --- [KUHIDBS] [    Test worker] .s.d.r.c.RepositoryConfigurationDelegate : Finished Spring Data repository scanning in 160 ms. Found 19 JPA repository interfaces.
2025-02-16T21:08:38.336+09:00  INFO 30856 --- [KUHIDBS] [    Test worker] o.hibernate.jpa.internal.util.LogHelper  : HHH000204: Processing PersistenceUnitInfo [name: default]
2025-02-16T21:08:38.434+09:00  INFO 30856 --- [KUHIDBS] [    Test worker] org.hibernate.Version                    : HHH000412: Hibernate ORM core version 6.6.4.Final
2025-02-16T21:08:38.489+09:00  INFO 30856 --- [KUHIDBS] [    Test worker] o.h.c.internal.RegionFactoryInitiator    : HHH000026: Second-level cache disabled
2025-02-16T21:08:38.947+09:00  INFO 30856 --- [KUHIDBS] [    Test worker] o.s.o.j.p.SpringPersistenceUnitInfo      : No LoadTimeWeaver setup: ignoring JPA class transformer
2025-02-16T21:08:38.986+09:00  INFO 30856 --- [KUHIDBS] [    Test worker] com.zaxxer.hikari.HikariDataSource       : HikariPool-1 - Starting...
2025-02-16T21:08:39.308+09:00  INFO 30856 --- [KUHIDBS] [    Test worker] com.zaxxer.hikari.pool.HikariPool        : HikariPool-1 - Added connection conn0: url=jdbc:h2:file:~/test user=SA
2025-02-16T21:08:39.311+09:00  INFO 30856 --- [KUHIDBS] [    Test worker] com.zaxxer.hikari.HikariDataSource       : HikariPool-1 - Start completed.
2025-02-16T21:08:39.384+09:00  INFO 30856 --- [KUHIDBS] [    Test worker] org.hibernate.orm.connections.pooling    : HHH10001005: Database info:
	Database JDBC URL [Connecting through datasource 'HikariDataSource (HikariPool-1)']
	Database driver: undefined/unknown
	Database version: 2.3.232
	Autocommit mode: undefined/unknown
	Isolation level: undefined/unknown
	Minimum pool size: undefined/unknown
	Maximum pool size: undefined/unknown
2025-02-16T21:08:40.807+09:00  INFO 30856 --- [KUHIDBS] [    Test worker] o.h.e.t.j.p.i.JtaPlatformInitiator       : HHH000489: No JTA platform available (set 'hibernate.transaction.jta.platform' to enable JTA platform integration)
2025-02-16T21:08:40.910+09:00  INFO 30856 --- [KUHIDBS] [    Test worker] j.LocalContainerEntityManagerFactoryBean : Initialized JPA EntityManagerFactory for persistence unit 'default'
2025-02-16T21:08:42.255+09:00  WARN 30856 --- [KUHIDBS] [    Test worker] JpaBaseConfiguration$JpaWebConfiguration : spring.jpa.open-in-view is enabled by default. Therefore, database queries may be performed during view rendering. Explicitly configure spring.jpa.open-in-view to disable this warning
2025-02-16T21:08:43.305+09:00  INFO 30856 --- [KUHIDBS] [    Test worker] o.s.b.a.h2.H2ConsoleAutoConfiguration    : H2 console available at '/h2-console'. Database available at 'jdbc:h2:file:~/test'
2025-02-16T21:08:43.357+09:00  INFO 30856 --- [KUHIDBS] [    Test worker] o.s.b.a.e.web.EndpointLinksResolver      : Exposing 1 endpoint beneath base path '/actuator'
2025-02-16T21:08:43.444+09:00  INFO 30856 --- [KUHIDBS] [    Test worker] c.e.kuhidbs.KuhidbsApplicationTests      : Started KuhidbsApplicationTests in 7.857 seconds (process running for 9.323)
]]></system-out>
  <system-err><![CDATA[Mockito is currently self-attaching to enable the inline-mock-maker. This will no longer work in future releases of the JDK. Please add Mockito as an agent to your build what is described in Mockito's documentation: https://javadoc.io/doc/org.mockito/mockito-core/latest/org/mockito/Mockito.html#0.3
WARNING: A Java agent has been loaded dynamically (C:\Users\007le\.gradle\caches\modules-2\files-2.1\net.bytebuddy\byte-buddy-agent\1.15.11\a38b16385e867f59a641330f0362ebe742788ed8\byte-buddy-agent-1.15.11.jar)
WARNING: If a serviceability tool is in use, please run with -XX:+EnableDynamicAgentLoading to hide this warning
WARNING: If a serviceability tool is not in use, please run with -Djdk.instrument.traceUsage for more information
WARNING: Dynamic loading of agents will be disallowed by default in a future release
]]></system-err>
</testsuite>
