<?xml version="1.0" encoding="UTF-8"?>
<testsuite name="com.example.kuhidbs.KuhidbsApplicationTests" tests="1" skipped="0" failures="0" errors="0" timestamp="2025-02-20T06:13:59" hostname="DESKTOP-HH9DJAL" time="0.549">
  <properties/>
  <testcase name="contextLoads()" classname="com.example.kuhidbs.KuhidbsApplicationTests" time="0.549"/>
  <system-out><![CDATA[15:13:51.653 [Test worker] INFO org.springframework.test.context.support.AnnotationConfigContextLoaderUtils -- Could not detect default configuration classes for test class [com.example.kuhidbs.KuhidbsApplicationTests]: KuhidbsApplicationTests does not declare any static, non-private, non-final, nested classes annotated with @Configuration.
15:13:51.814 [Test worker] INFO org.springframework.boot.test.context.SpringBootTestContextBootstrapper -- Found @SpringBootConfiguration com.example.kuhidbs.KuhidbsApplication for test class com.example.kuhidbs.KuhidbsApplicationTests

  .   ____          _            __ _ _
 /\\ / ___'_ __ _ _(_)_ __  __ _ \ \ \ \
( ( )\___ | '_ | '_| | '_ \/ _` | \ \ \ \
 \\/  ___)| |_)| | | | | || (_| |  ) ) ) )
  '  |____| .__|_| |_|_| |_\__, | / / / /
 =========|_|==============|___/=/_/_/_/

 :: Spring Boot ::                (v3.4.1)

2025-02-20T15:13:52.296+09:00  INFO 6396 --- [KUHIDBS] [    Test worker] c.e.kuhidbs.KuhidbsApplicationTests      : Starting KuhidbsApplicationTests using Java 21.0.5 with PID 6396 (started by 007le in C:\kuh0220\kuhidbs3)
2025-02-20T15:13:52.298+09:00  INFO 6396 --- [KUHIDBS] [    Test worker] c.e.kuhidbs.KuhidbsApplicationTests      : No active profile set, falling back to 1 default profile: "default"
2025-02-20T15:13:53.592+09:00  INFO 6396 --- [KUHIDBS] [    Test worker] .s.d.r.c.RepositoryConfigurationDelegate : Bootstrapping Spring Data JPA repositories in DEFAULT mode.
2025-02-20T15:13:53.745+09:00  INFO 6396 --- [KUHIDBS] [    Test worker] .s.d.r.c.RepositoryConfigurationDelegate : Finished Spring Data repository scanning in 143 ms. Found 21 JPA repository interfaces.
2025-02-20T15:13:54.581+09:00  INFO 6396 --- [KUHIDBS] [    Test worker] o.hibernate.jpa.internal.util.LogHelper  : HHH000204: Processing PersistenceUnitInfo [name: default]
2025-02-20T15:13:54.668+09:00  INFO 6396 --- [KUHIDBS] [    Test worker] org.hibernate.Version                    : HHH000412: Hibernate ORM core version 6.6.4.Final
2025-02-20T15:13:54.717+09:00  INFO 6396 --- [KUHIDBS] [    Test worker] o.h.c.internal.RegionFactoryInitiator    : HHH000026: Second-level cache disabled
2025-02-20T15:13:55.114+09:00  INFO 6396 --- [KUHIDBS] [    Test worker] o.s.o.j.p.SpringPersistenceUnitInfo      : No LoadTimeWeaver setup: ignoring JPA class transformer
2025-02-20T15:13:55.152+09:00  INFO 6396 --- [KUHIDBS] [    Test worker] com.zaxxer.hikari.HikariDataSource       : HikariPool-1 - Starting...
2025-02-20T15:13:55.446+09:00  INFO 6396 --- [KUHIDBS] [    Test worker] com.zaxxer.hikari.pool.HikariPool        : HikariPool-1 - Added connection conn0: url=jdbc:h2:file:~/test user=SA
2025-02-20T15:13:55.448+09:00  INFO 6396 --- [KUHIDBS] [    Test worker] com.zaxxer.hikari.HikariDataSource       : HikariPool-1 - Start completed.
2025-02-20T15:13:55.509+09:00  INFO 6396 --- [KUHIDBS] [    Test worker] org.hibernate.orm.connections.pooling    : HHH10001005: Database info:
	Database JDBC URL [Connecting through datasource 'HikariDataSource (HikariPool-1)']
	Database driver: undefined/unknown
	Database version: 2.3.232
	Autocommit mode: undefined/unknown
	Isolation level: undefined/unknown
	Minimum pool size: undefined/unknown
	Maximum pool size: undefined/unknown
2025-02-20T15:13:56.909+09:00  INFO 6396 --- [KUHIDBS] [    Test worker] o.h.e.t.j.p.i.JtaPlatformInitiator       : HHH000489: No JTA platform available (set 'hibernate.transaction.jta.platform' to enable JTA platform integration)
2025-02-20T15:13:56.987+09:00  INFO 6396 --- [KUHIDBS] [    Test worker] j.LocalContainerEntityManagerFactoryBean : Initialized JPA EntityManagerFactory for persistence unit 'default'
2025-02-20T15:13:57.934+09:00  INFO 6396 --- [KUHIDBS] [    Test worker] o.s.d.j.r.query.QueryEnhancerFactory     : Hibernate is in classpath; If applicable, HQL parser will be used.
2025-02-20T15:13:58.817+09:00  WARN 6396 --- [KUHIDBS] [    Test worker] JpaBaseConfiguration$JpaWebConfiguration : spring.jpa.open-in-view is enabled by default. Therefore, database queries may be performed during view rendering. Explicitly configure spring.jpa.open-in-view to disable this warning
2025-02-20T15:13:59.757+09:00  INFO 6396 --- [KUHIDBS] [    Test worker] o.s.b.a.h2.H2ConsoleAutoConfiguration    : H2 console available at '/h2-console'. Database available at 'jdbc:h2:file:~/test'
2025-02-20T15:13:59.805+09:00  INFO 6396 --- [KUHIDBS] [    Test worker] o.s.b.a.e.web.EndpointLinksResolver      : Exposing 1 endpoint beneath base path '/actuator'
2025-02-20T15:13:59.885+09:00  INFO 6396 --- [KUHIDBS] [    Test worker] c.e.kuhidbs.KuhidbsApplicationTests      : Started KuhidbsApplicationTests in 7.889 seconds (process running for 9.286)
]]></system-out>
  <system-err><![CDATA[Mockito is currently self-attaching to enable the inline-mock-maker. This will no longer work in future releases of the JDK. Please add Mockito as an agent to your build what is described in Mockito's documentation: https://javadoc.io/doc/org.mockito/mockito-core/latest/org/mockito/Mockito.html#0.3
WARNING: A Java agent has been loaded dynamically (C:\Users\007le\.gradle\caches\modules-2\files-2.1\net.bytebuddy\byte-buddy-agent\1.15.11\a38b16385e867f59a641330f0362ebe742788ed8\byte-buddy-agent-1.15.11.jar)
WARNING: If a serviceability tool is in use, please run with -XX:+EnableDynamicAgentLoading to hide this warning
WARNING: If a serviceability tool is not in use, please run with -Djdk.instrument.traceUsage for more information
WARNING: Dynamic loading of agents will be disallowed by default in a future release
]]></system-err>
</testsuite>
